WARNING: A terminally deprecated method in sun.misc.Unsafe has been called
WARNING: sun.misc.Unsafe::objectFieldOffset has been called by org.apache.jena.ext.com.google.common.cache.Striped64 (file:/C:/Users/ttuga/.m2/repository/org/apache/jena/jena-fuseki-server/4.6.1/jena-fuseki-server-4.6.1.jar)
WARNING: Please consider reporting this to the maintainers of class org.apache.jena.ext.com.google.common.cache.Striped64
WARNING: sun.misc.Unsafe::objectFieldOffset will be removed in a future release
[2026-02-05 15:01:40] Server     INFO  Apache Jena Fuseki 4.6.1
[2026-02-05 15:01:40] Server     INFO  Configuration file: ../.fuseki.ttl
[2026-02-05 15:01:40] Server     INFO  Path = /tutorial2
[2026-02-05 15:01:40] Server     INFO  System
[2026-02-05 15:01:40] Server     INFO    Memory: 7,9 GiB
[2026-02-05 15:01:40] Server     INFO    Java:   25.0.2
[2026-02-05 15:01:40] Server     INFO    OS:     Windows 11 10.0 amd64
[2026-02-05 15:01:40] Server     INFO    PID:    34824
[2026-02-05 15:01:41] Server     INFO  Start Fuseki (http=3030)
[2026-02-05 15:01:50] Fuseki     INFO  [1] GET http://localhost:3030/tutorial2/sparql?query=select%20?g%20%7B%20graph%20?g%20%7B%20?o%20a%20%3Chttp://www.w3.org/2002/07/owl%23Ontology%3E%20%7D%20%7D
[2026-02-05 15:01:50] Fuseki     INFO  [1] Query = select ?g { graph ?g { ?o a <http://www.w3.org/2002/07/owl#Ontology> } }
[2026-02-05 15:01:50] Fuseki     INFO  [1] 200 OK (46 ms)
[2026-02-05 15:01:50] Fuseki     INFO  [3] PUT http://localhost:3030/tutorial2?graph=http://purl.org/dc/elements/1.1
[2026-02-05 15:01:50] Fuseki     INFO  [2] PUT http://localhost:3030/tutorial2?graph=http://iso.org/iso-80000-4.1
[2026-02-05 15:01:50] Fuseki     INFO  [4] PUT http://localhost:3030/tutorial2?graph=http://example.com/tutorial2/vocabulary/bundle
[2026-02-05 15:01:50] Fuseki     INFO  [5] PUT http://localhost:3030/tutorial2?graph=http://example.com/tutorial2/description/bundle/individuals
[2026-02-05 15:01:50] Fuseki     INFO  [6] PUT http://localhost:3030/tutorial2?graph=http://bipm.org/jcgm/vim4
[2026-02-05 15:01:50] Fuseki     INFO  [7] PUT http://localhost:3030/tutorial2?graph=http://example.com/tutorial2/description/components
[2026-02-05 15:01:50] Fuseki     INFO  [8] PUT http://localhost:3030/tutorial2?graph=http://example.com/tutorial2/description/missions
[2026-02-05 15:01:50] Fuseki     INFO  [10] PUT http://localhost:3030/tutorial2?graph=http://example.com/tutorial2/description/interfaces
[2026-02-05 15:01:50] Fuseki     INFO  [9] PUT http://localhost:3030/tutorial2?graph=http://example.com/tutorial2/vocabulary/mission
[2026-02-05 15:01:50] Fuseki     INFO  [11] PUT http://localhost:3030/tutorial2?graph=http://example.com/tutorial2/description/objectives
[2026-02-05 15:01:50] Fuseki     INFO  [12] PUT http://localhost:3030/tutorial2?graph=http://example.com/tutorial2/description/junctions
[2026-02-05 15:01:50] Fuseki     INFO  [13] PUT http://localhost:3030/tutorial2?graph=http://iso.org/iso-1087-1
[2026-02-05 15:01:50] Fuseki     INFO  [14] PUT http://localhost:3030/tutorial2?graph=http://example.com/tutorial2/description/bundle
[2026-02-05 15:01:50] Fuseki     INFO  [15] PUT http://localhost:3030/tutorial2?graph=http://example.com/tutorial2/description/bundle/properties
[2026-02-05 15:01:50] Fuseki     INFO  [16] PUT http://localhost:3030/tutorial2?graph=http://example.com/tutorial2/description/masses
[2026-02-05 15:01:50] Fuseki     INFO  [17] PUT http://localhost:3030/tutorial2?graph=http://example.com/tutorial2/vocabulary/base
[2026-02-05 15:01:50] Fuseki     INFO  [18] PUT http://localhost:3030/tutorial2?graph=http://example.com/tutorial2/description/requirements
[2026-02-05 15:01:50] Fuseki     INFO  [3] Body: Content-Length=4083, Content-Type=application/rdf+xml, Charset=null => RDF/XML : Count=27 Triples=27 Quads=0
[2026-02-05 15:01:50] Fuseki     INFO  [3] 201 Created (128 ms)
[2026-02-05 15:01:50] Fuseki     INFO  [2] Body: Content-Length=6321, Content-Type=application/rdf+xml, Charset=null => RDF/XML : Count=49 Triples=49 Quads=0
[2026-02-05 15:01:50] Fuseki     INFO  [2] 201 Created (157 ms)
[2026-02-05 15:01:50] Fuseki     INFO  [4] Body: Content-Length=27589, Content-Type=application/rdf+xml, Charset=null => RDF/XML : Count=245 Triples=245 Quads=0
[2026-02-05 15:01:50] Fuseki     INFO  [4] 201 Created (214 ms)
[2026-02-05 15:01:50] Fuseki     INFO  [20] PUT http://localhost:3030/tutorial2?graph=http://iso.org/iso-80000-1
[2026-02-05 15:01:50] Fuseki     INFO  [19] PUT http://localhost:3030/tutorial2?graph=http://example.com/tutorial2/description/bundle/classes
[2026-02-05 15:01:50] Fuseki     INFO  [5] Body: Content-Length=77862, Content-Type=text/turtle, Charset=null => Turtle : Count=925 Triples=925 Quads=0
[2026-02-05 15:01:50] Fuseki     INFO  [5] 201 Created (273 ms)
[2026-02-05 15:01:50] Fuseki     INFO  [6] Body: Content-Length=190820, Content-Type=application/rdf+xml, Charset=null => RDF/XML : Count=1834 Triples=1834 Quads=0
[2026-02-05 15:01:50] Fuseki     INFO  [6] 201 Created (395 ms)
[2026-02-05 15:01:50] Fuseki     INFO  [21] PUT http://localhost:3030/tutorial2?graph=http://example.com/tutorial2/vocabulary/mechanical
[2026-02-05 15:01:50] Fuseki     INFO  [7] Body: Content-Length=12368, Content-Type=application/rdf+xml, Charset=null => RDF/XML : Count=98 Triples=98 Quads=0
[2026-02-05 15:01:50] Fuseki     INFO  [7] 201 Created (403 ms)
[2026-02-05 15:01:50] Fuseki     INFO  [8] Body: Content-Length=5432, Content-Type=application/rdf+xml, Charset=null => RDF/XML : Count=35 Triples=35 Quads=0
[2026-02-05 15:01:50] Fuseki     INFO  [8] 201 Created (411 ms)
[2026-02-05 15:01:50] Fuseki     INFO  [10] Body: Content-Length=7633, Content-Type=application/rdf+xml, Charset=null => RDF/XML : Count=51 Triples=51 Quads=0
[2026-02-05 15:01:50] Fuseki     INFO  [10] 201 Created (416 ms)
[2026-02-05 15:01:50] Fuseki     INFO  [9] Body: Content-Length=41511, Content-Type=application/rdf+xml, Charset=null => RDF/XML : Count=373 Triples=373 Quads=0
[2026-02-05 15:01:50] Fuseki     INFO  [9] 201 Created (435 ms)
[2026-02-05 15:01:50] Fuseki     INFO  [11] Body: Content-Length=7249, Content-Type=application/rdf+xml, Charset=null => RDF/XML : Count=50 Triples=50 Quads=0
[2026-02-05 15:01:50] Fuseki     INFO  [11] 201 Created (443 ms)
[2026-02-05 15:01:50] Fuseki     INFO  [13] Body: Content-Length=8315, Content-Type=application/rdf+xml, Charset=null => RDF/XML : Count=65 Triples=65 Quads=0
[2026-02-05 15:01:50] Fuseki     INFO  [13] 201 Created (456 ms)
[2026-02-05 15:01:50] Fuseki     INFO  [12] Body: Content-Length=4412, Content-Type=application/rdf+xml, Charset=null => RDF/XML : Count=25 Triples=25 Quads=0
[2026-02-05 15:01:50] Fuseki     INFO  [12] 201 Created (467 ms)
[2026-02-05 15:01:50] Fuseki     INFO  [14] Body: Content-Length=1771, Content-Type=application/rdf+xml, Charset=null => RDF/XML : Count=12 Triples=12 Quads=0
[2026-02-05 15:01:50] Fuseki     INFO  [14] 201 Created (473 ms)
[2026-02-05 15:01:50] Fuseki     INFO  [15] Body: Content-Length=19853, Content-Type=text/turtle, Charset=null => Turtle : Count=259 Triples=259 Quads=0
[2026-02-05 15:01:50] Fuseki     INFO  [15] 201 Created (491 ms)
[2026-02-05 15:01:50] Fuseki     INFO  [16] Body: Content-Length=15625, Content-Type=application/rdf+xml, Charset=null => RDF/XML : Count=93 Triples=93 Quads=0
[2026-02-05 15:01:50] Fuseki     INFO  [16] 201 Created (501 ms)
[2026-02-05 15:01:50] Fuseki     INFO  [17] Body: Content-Length=16985, Content-Type=application/rdf+xml, Charset=null => RDF/XML : Count=139 Triples=139 Quads=0
[2026-02-05 15:01:50] Fuseki     INFO  [17] 201 Created (515 ms)
[2026-02-05 15:01:50] Fuseki     INFO  [18] Body: Content-Length=5137, Content-Type=application/rdf+xml, Charset=null => RDF/XML : Count=29 Triples=29 Quads=0
[2026-02-05 15:01:50] Fuseki     INFO  [18] 201 Created (522 ms)
[2026-02-05 15:01:50] Fuseki     INFO  [19] Body: Content-Length=25620, Content-Type=text/turtle, Charset=null => Turtle : Count=371 Triples=371 Quads=0
[2026-02-05 15:01:50] Fuseki     INFO  [19] 201 Created (329 ms)
[2026-02-05 15:01:50] Fuseki     INFO  [20] Body: Content-Length=13742, Content-Type=application/rdf+xml, Charset=null => RDF/XML : Count=153 Triples=153 Quads=0
[2026-02-05 15:01:50] Fuseki     INFO  [20] 201 Created (347 ms)
[2026-02-05 15:01:50] Fuseki     INFO  [21] Body: Content-Length=3448, Content-Type=application/rdf+xml, Charset=null => RDF/XML : Count=28 Triples=28 Quads=0
[2026-02-05 15:01:50] Fuseki     INFO  [21] 201 Created (171 ms)
[2026-02-05 15:01:50] Fuseki     INFO  [25] GET http://localhost:3030/tutorial2/sparql?query=PREFIX%20%20mission:%20%3Chttp://example.com/tutorial2/vocabulary/mission%23%3E%0APREFIX%20%20base:%20%3Chttp://example.com/tutorial2/vocabulary/base%23%3E%0A%0ASELECT%20DISTINCT%20%20?m_id%20?m_name%20?o_id%20?o_name%0AWHERE%0A%20%20%7B%20?m%20%20%20%20a%20%20%20%20%20%20%20%20%20%20%20%20%20%20%20%20%20%20%20%20%20mission:Mission%20%3B%0A%20%20%20%20%20%20%20%20%20%20base:hasIdentifier%20%20%20%20?m_id%20%3B%0A%20%20%20%20%20%20%20%20%20%20base:hasCanonicalName%20%20?m_name%20%3B%0A%20%20%20%20%20%20%20%20%20%20mission:pursues%20%20%20%20%20%20%20_:b0%20.%0A%20%20%20%20_:b0%20%20a%20%20%20%20%20%20%20%20%20%20%20%20%20%20%20%20%20%20%20%20%20mission:Objective%20%3B%0A%20%20%20%20%20%20%20%20%20%20base:hasIdentifier%20%20%20%20?o_id%20%3B%0A%20%20%20%20%20%20%20%20%20%20base:hasCanonicalName%20%20?o_name%0A%20%20%7D%0AORDER%20BY%20?m_id%20?o_id%0A
[2026-02-05 15:01:50] Fuseki     INFO  [26] GET http://localhost:3030/tutorial2/sparql?query=PREFIX%20%20mission:%20%3Chttp://example.com/tutorial2/vocabulary/mission%23%3E%0APREFIX%20%20rdfs:%20%3Chttp://www.w3.org/2000/01/rdf-schema%23%3E%0APREFIX%20%20base:%20%3Chttp://example.com/tutorial2/vocabulary/base%23%3E%0APREFIX%20%20oml:%20%20%3Chttp://opencaesar.io/oml%23%3E%0A%0ASELECT%20DISTINCT%20%20?r_id%20?c_name%20?i_name%0AWHERE%0A%20%20%7B%20?r%20%20%20%20a%20%20%20%20%20%20%20%20%20%20%20%20%20%20%20%20%20%20%20%20%20mission:Requirement%20%3B%0A%20%20%20%20%20%20%20%20%20%20base:hasIdentifier%20%20%20%20?r_id%20%3B%0A%20%20%20%20%20%20%20%20%20%20mission:specifies%20%20%20%20%20_:b0%20.%0A%20%20%20%20_:b0%20%20a%20%20%20%20%20%20%20%20%20%20%20%20%20%20%20%20%20%20%20%20%20mission:Presents%20%3B%0A%20%20%20%20%20%20%20%20%20%20oml:hasSource%20%20%20%20%20%20%20%20%20_:b1%20.%0A%20%20%20%20_:b1%20%20base:hasCanonicalName%20%20?c_name%20.%0A%20%20%20%20_:b0%20%20oml:hasTarget%20%20%20%20%20%20%20%20%20_:b2%20.%0A%20%20%20%20_:b2%20%20base:hasCanonicalName%20%20?i_name%0A%20%20%7D%0AORDER%20BY%20?r_id%20?c_name%20?i_name%0A
[2026-02-05 15:01:50] Fuseki     INFO  [23] GET http://localhost:3030/tutorial2/sparql?query=PREFIX%20%20mission:%20%3Chttp://example.com/tutorial2/vocabulary/mission%23%3E%0APREFIX%20%20base:%20%3Chttp://example.com/tutorial2/vocabulary/base%23%3E%0A%0ASELECT%20DISTINCT%20%20?c1_name%20?c2_name%0AWHERE%0A%20%20%7B%20?c1%20%20%20a%20%20%20%20%20%20%20%20%20%20%20%20%20%20%20%20%20%20%20%20%20mission:Component%20%3B%0A%20%20%20%20%20%20%20%20%20%20base:hasCanonicalName%20%20?c1_name%20%3B%0A%20%20%20%20%20%20%20%20%20%20mission:connectsTo%20%20%20%20_:b0%20.%0A%20%20%20%20_:b0%20%20base:hasCanonicalName%20%20?c2_name%0A%20%20%7D%0AORDER%20BY%20?c1_name%20?c2_name%0A
[2026-02-05 15:01:50] Fuseki     INFO  [22] GET http://localhost:3030/tutorial2/sparql?query=PREFIX%20%20mission:%20%3Chttp://example.com/tutorial2/vocabulary/mission%23%3E%0APREFIX%20%20base:%20%3Chttp://example.com/tutorial2/vocabulary/base%23%3E%0A%0ASELECT%20DISTINCT%20%20?o1_id%20?o1_name%20?o2_id%20?o2_name%0AWHERE%0A%20%20%7B%20?o1%20%20%20a%20%20%20%20%20%20%20%20%20%20%20%20%20%20%20%20%20%20%20%20%20mission:Objective%20%3B%0A%20%20%20%20%20%20%20%20%20%20base:hasIdentifier%20%20%20%20?o1_id%20%3B%0A%20%20%20%20%20%20%20%20%20%20base:hasCanonicalName%20%20?o1_name%20%3B%0A%20%20%20%20%20%20%20%20%20%20base:aggregates%20%20%20%20%20%20%20_:b0%20.%0A%20%20%20%20_:b0%20%20base:hasIdentifier%20%20%20%20?o2_id%20%3B%0A%20%20%20%20%20%20%20%20%20%20base:hasCanonicalName%20%20?o2_name%0A%20%20%7D%0AORDER%20BY%20?o1_id%20?o2_id%0A
[2026-02-05 15:01:50] Fuseki     INFO  [24] GET http://localhost:3030/tutorial2/sparql?query=PREFIX%20%20vim4:%20%3Chttp://bipm.org/jcgm/vim4%23%3E%0APREFIX%20%20mission:%20%3Chttp://example.com/tutorial2/vocabulary/mission%23%3E%0APREFIX%20%20base:%20%3Chttp://example.com/tutorial2/vocabulary/base%23%3E%0A%0ASELECT%20DISTINCT%20%20?c1_id%20?c1_name%20?c1_mass%20?c2_id%20?c2_name%0AWHERE%0A%20%20%7B%20?c1%20%20a%20%20%20%20%20%20%20%20%20%20%20%20%20%20%20%20%20%20%20%20%20mission:Component%20%3B%0A%20%20%20%20%20%20%20%20%20base:hasIdentifier%20%20%20%20?c1_id%20%3B%0A%20%20%20%20%20%20%20%20%20base:hasCanonicalName%20%20?c1_name%0A%20%20%20%20OPTIONAL%0A%20%20%20%20%20%20%7B%20?c1%20%20base:isContainedIn%20%20%20%20?c2%20.%0A%20%20%20%20%20%20%20%20?c2%20%20base:hasIdentifier%20%20%20%20?c2_id%20%3B%0A%20%20%20%20%20%20%20%20%20%20%20%20%20base:hasCanonicalName%20%20?c2_name%0A%20%20%20%20%20%20%7D%0A%20%20%20%20OPTIONAL%0A%20%20%20%20%20%20%7B%20?c1_mass_mag%20%20vim4:characterizes%20%20?c1%20%3B%0A%20%20%20%20%20%20%20%20%20%20%20%20%20%20%20%20%20%20vim4:hasDoubleNumber%20%20?c1_mass%0A%20%20%20%20%20%20%7D%0A%20%20%7D%0AORDER%20BY%20?c1_id%20?c2_id%0A
[2026-02-05 15:01:50] Fuseki     INFO  [26] Query = PREFIX  mission: <http://example.com/tutorial2/vocabulary/mission#> PREFIX  rdfs: <http://www.w3.org/2000/01/rdf-schema#> PREFIX  base: <http://example.com/tutorial2/vocabulary/base#> PREFIX  oml:  <http://opencaesar.io/oml#>  SELECT DISTINCT  ?r_id ?c_name ?i_name WHERE   { ?r    a                     mission:Requirement ;           base:hasIdentifier    ?r_id ;           mission:specifies     _:b0 .     _:b0  a                     mission:Presents ;           oml:hasSource         _:b1 .     _:b1  base:hasCanonicalName  ?c_name .     _:b0  oml:hasTarget         _:b2 .     _:b2  base:hasCanonicalName  ?i_name   } ORDER BY ?r_id ?c_name ?i_name 
[2026-02-05 15:01:50] Fuseki     INFO  [25] Query = PREFIX  mission: <http://example.com/tutorial2/vocabulary/mission#> PREFIX  base: <http://example.com/tutorial2/vocabulary/base#>  SELECT DISTINCT  ?m_id ?m_name ?o_id ?o_name WHERE   { ?m    a                     mission:Mission ;           base:hasIdentifier    ?m_id ;           base:hasCanonicalName  ?m_name ;           mission:pursues       _:b0 .     _:b0  a                     mission:Objective ;           base:hasIdentifier    ?o_id ;           base:hasCanonicalName  ?o_name   } ORDER BY ?m_id ?o_id 
[2026-02-05 15:01:50] Fuseki     INFO  [23] Query = PREFIX  mission: <http://example.com/tutorial2/vocabulary/mission#> PREFIX  base: <http://example.com/tutorial2/vocabulary/base#>  SELECT DISTINCT  ?c1_name ?c2_name WHERE   { ?c1   a                     mission:Component ;           base:hasCanonicalName  ?c1_name ;           mission:connectsTo    _:b0 .     _:b0  base:hasCanonicalName  ?c2_name   } ORDER BY ?c1_name ?c2_name 
[2026-02-05 15:01:50] Fuseki     INFO  [22] Query = PREFIX  mission: <http://example.com/tutorial2/vocabulary/mission#> PREFIX  base: <http://example.com/tutorial2/vocabulary/base#>  SELECT DISTINCT  ?o1_id ?o1_name ?o2_id ?o2_name WHERE   { ?o1   a                     mission:Objective ;           base:hasIdentifier    ?o1_id ;           base:hasCanonicalName  ?o1_name ;           base:aggregates       _:b0 .     _:b0  base:hasIdentifier    ?o2_id ;           base:hasCanonicalName  ?o2_name   } ORDER BY ?o1_id ?o2_id 
[2026-02-05 15:01:50] Fuseki     INFO  [24] Query = PREFIX  vim4: <http://bipm.org/jcgm/vim4#> PREFIX  mission: <http://example.com/tutorial2/vocabulary/mission#> PREFIX  base: <http://example.com/tutorial2/vocabulary/base#>  SELECT DISTINCT  ?c1_id ?c1_name ?c1_mass ?c2_id ?c2_name WHERE   { ?c1  a                     mission:Component ;          base:hasIdentifier    ?c1_id ;          base:hasCanonicalName  ?c1_name     OPTIONAL       { ?c1  base:isContainedIn    ?c2 .         ?c2  base:hasIdentifier    ?c2_id ;              base:hasCanonicalName  ?c2_name       }     OPTIONAL       { ?c1_mass_mag  vim4:characterizes  ?c1 ;                   vim4:hasDoubleNumber  ?c1_mass       }   } ORDER BY ?c1_id ?c2_id 
[2026-02-05 15:01:50] Fuseki     INFO  [23] 200 OK (49 ms)
[2026-02-05 15:01:50] Fuseki     INFO  [25] 200 OK (49 ms)
[2026-02-05 15:01:50] Fuseki     INFO  [26] 200 OK (50 ms)
[2026-02-05 15:01:50] Fuseki     INFO  [22] 200 OK (51 ms)
[2026-02-05 15:01:50] Fuseki     INFO  [24] 200 OK (51 ms)
